<?xml version="1.0" encoding="UTF-8"?>
<testsuite name="CalculadoraTest" tests="1" skipped="0" failures="0" errors="0" timestamp="2022-05-26T20:20:44" hostname="DESKTOP-CPSF1E4" time="0.036">
  <properties/>
  <testcase name="raiz()" classname="CalculadoraTest" time="0.036"/>
  <system-out><![CDATA[]]></system-out>
  <system-err><![CDATA[]]></system-err>
</testsuite>
